<?xml version="1.0" encoding="UTF-8"?>
<testng-results skipped="0" failed="0" ignored="0" total="3" passed="3">
  <reporter-output>
  </reporter-output>
  <suite name="Suite1" duration-ms="37921" started-at="2022-05-20T04:28:51Z" finished-at="2022-05-20T04:29:29Z">
    <groups>
      <group name="cucumber">
        <method signature="AbstractTestNGCucumberTests.feature(cucumber.api.testng.CucumberFeatureWrapper)[pri:0, instance:com.nexttechITC.TestRunner.TestNGTestRunner$TestRunner@14acaea5]" name="feature" class="cucumber.api.testng.AbstractTestNGCucumberTests"/>
      </group> <!-- cucumber -->
    </groups>
    <test name="Nopackage" duration-ms="37921" started-at="2022-05-20T04:28:51Z" finished-at="2022-05-20T04:29:29Z">
      <class name="com.nexttechITC.TestRunner.TestNGTestRunner$TestRunner">
        <test-method status="PASS" signature="setUpClass()[pri:0, instance:com.nexttechITC.TestRunner.TestNGTestRunner$TestRunner@14acaea5]" name="setUpClass" is-config="true" duration-ms="229" started-at="2022-05-20T00:28:51Z" finished-at="2022-05-20T00:28:51Z">
          <reporter-output>
          </reporter-output>
        </test-method> <!-- setUpClass -->
        <test-method status="PASS" signature="feature(cucumber.api.testng.CucumberFeatureWrapper)[pri:0, instance:com.nexttechITC.TestRunner.TestNGTestRunner$TestRunner@14acaea5]" name="feature" duration-ms="11304" started-at="2022-05-20T00:28:51Z" description="Runs Cucumber Feature" data-provider="features" finished-at="2022-05-20T00:29:03Z">
          <params>
            <param index="0">
              <value>
                <![CDATA[Costco Computer Accessories]]>
              </value>
            </param>
          </params>
          <reporter-output>
          </reporter-output>
        </test-method> <!-- feature -->
        <test-method status="PASS" signature="feature(cucumber.api.testng.CucumberFeatureWrapper)[pri:0, instance:com.nexttechITC.TestRunner.TestNGTestRunner$TestRunner@14acaea5]" name="feature" duration-ms="12442" started-at="2022-05-20T00:29:03Z" description="Runs Cucumber Feature" data-provider="features" finished-at="2022-05-20T00:29:15Z">
          <params>
            <param index="0">
              <value>
                <![CDATA[Costco Sign In]]>
              </value>
            </param>
          </params>
          <reporter-output>
          </reporter-output>
        </test-method> <!-- feature -->
        <test-method status="PASS" signature="feature(cucumber.api.testng.CucumberFeatureWrapper)[pri:0, instance:com.nexttechITC.TestRunner.TestNGTestRunner$TestRunner@14acaea5]" name="feature" duration-ms="13844" started-at="2022-05-20T00:29:15Z" description="Runs Cucumber Feature" data-provider="features" finished-at="2022-05-20T00:29:29Z">
          <params>
            <param index="0">
              <value>
                <![CDATA[Validate Sort by dropdown]]>
              </value>
            </param>
          </params>
          <reporter-output>
          </reporter-output>
        </test-method> <!-- feature -->
        <test-method status="PASS" signature="tearDownClass()[pri:0, instance:com.nexttechITC.TestRunner.TestNGTestRunner$TestRunner@14acaea5]" name="tearDownClass" is-config="true" duration-ms="8" started-at="2022-05-20T00:29:29Z" finished-at="2022-05-20T00:29:29Z">
          <reporter-output>
          </reporter-output>
        </test-method> <!-- tearDownClass -->
      </class> <!-- com.nexttechITC.TestRunner.TestNGTestRunner$TestRunner -->
    </test> <!-- Nopackage -->
  </suite> <!-- Suite1 -->
</testng-results>
